Dec-22 10:26:38.496 [main] DEBUG nextflow.cli.Launcher - $> nextflow run main.nf --input sra_list.csv --outdir tmp_out
Dec-22 10:26:38.687 [main] INFO  nextflow.cli.CmdRun - N E X T F L O W  ~  version 23.10.0
Dec-22 10:26:38.708 [main] DEBUG nextflow.plugin.PluginsFacade - Setting up plugin manager > mode=prod; embedded=false; plugins-dir=/cluster/home/ayocca/.nextflow/plugins; core-plugins: nf-amazon@2.1.4,nf-azure@1.3.2,nf-cloudcache@0.3.0,nf-codecommit@0.1.5,nf-console@1.0.6,nf-ga4gh@1.1.0,nf-google@1.8.3,nf-tower@1.6.3,nf-wave@1.0.0
Dec-22 10:26:38.735 [main] INFO  o.pf4j.DefaultPluginStatusProvider - Enabled plugins: []
Dec-22 10:26:38.736 [main] INFO  o.pf4j.DefaultPluginStatusProvider - Disabled plugins: []
Dec-22 10:26:38.740 [main] INFO  org.pf4j.DefaultPluginManager - PF4J version 3.4.1 in 'deployment' mode
Dec-22 10:26:38.761 [main] INFO  org.pf4j.AbstractPluginManager - No plugins
Dec-22 10:26:38.796 [main] DEBUG nextflow.config.ConfigBuilder - Found config local: /cluster/home/ayocca/03_RGE/12_reads2pav/readstopav/nextflow.config
Dec-22 10:26:38.797 [main] DEBUG nextflow.config.ConfigBuilder - Parsing config file: /cluster/home/ayocca/03_RGE/12_reads2pav/readstopav/nextflow.config
Dec-22 10:26:38.848 [main] DEBUG nextflow.config.ConfigBuilder - Applying config profile: `standard`
Dec-22 10:26:42.379 [main] DEBUG nextflow.cli.CmdRun - Applied DSL=2 from script declararion
Dec-22 10:26:42.407 [main] INFO  nextflow.cli.CmdRun - Launching `main.nf` [confident_celsius] DSL2 - revision: 5dabb37700
Dec-22 10:26:42.408 [main] DEBUG nextflow.plugin.PluginsFacade - Plugins declared=[nf-validation]
Dec-22 10:26:42.408 [main] DEBUG nextflow.plugin.PluginsFacade - Plugins default=[]
Dec-22 10:26:42.409 [main] DEBUG nextflow.plugin.PluginsFacade - Plugins resolved requirement=[nf-validation]
Dec-22 10:26:42.409 [main] DEBUG nextflow.plugin.PluginUpdater - Installing plugin nf-validation version: latest
Dec-22 10:26:42.616 [main] INFO  org.pf4j.AbstractPluginManager - Plugin 'nf-validation@1.1.3' resolved
Dec-22 10:26:42.618 [main] INFO  org.pf4j.AbstractPluginManager - Start plugin 'nf-validation@1.1.3'
Dec-22 10:26:42.640 [main] DEBUG nextflow.plugin.BasePlugin - Plugin started nf-validation@1.1.3
Dec-22 10:26:42.662 [main] DEBUG n.secret.LocalSecretsProvider - Secrets store: /cluster/home/ayocca/.nextflow/secrets/store.json
Dec-22 10:26:42.664 [main] DEBUG nextflow.secret.SecretsLoader - Discovered secrets providers: [nextflow.secret.LocalSecretsProvider@10e9a5fe] - activable => nextflow.secret.LocalSecretsProvider@10e9a5fe
Dec-22 10:26:42.747 [main] DEBUG nextflow.Session - Session UUID: bb9b4760-3825-4166-81e4-12cb722b1c57
Dec-22 10:26:42.758 [main] DEBUG nextflow.Session - Run name: confident_celsius
Dec-22 10:26:42.758 [main] DEBUG nextflow.Session - Executor pool size: 2
Dec-22 10:26:42.764 [main] DEBUG nextflow.file.FilePorter - File porter settings maxRetries=3; maxTransfers=50; pollTimeout=null
Dec-22 10:26:42.767 [main] DEBUG nextflow.util.ThreadPoolBuilder - Creating thread pool 'FileTransfer' minSize=10; maxSize=10; workQueue=LinkedBlockingQueue[10000]; allowCoreThreadTimeout=false
Dec-22 10:26:42.803 [main] DEBUG nextflow.cli.CmdRun - 
  Version: 23.10.0 build 5889
  Created: 15-10-2023 15:07 UTC (10:07 CDT)
  System: Linux 4.18.0-477.21.1.el8_8.x86_64
  Runtime: Groovy 3.0.19 on OpenJDK 64-Bit Server VM 11.0.1+13-LTS
  Encoding: UTF-8 (UTF-8)
  Process: 1605329@int0002 [172.24.232.111]
  CPUs: 1 - Mem: 1007.3 GB (115 GB) - Swap: 0 (0)
Dec-22 10:26:42.871 [main] DEBUG nextflow.Session - Work-dir: /cluster/home/ayocca/03_RGE/12_reads2pav/readstopav/work [fuseblk]
Dec-22 10:26:42.885 [main] DEBUG nextflow.executor.ExecutorFactory - Extension executors providers=[]
Dec-22 10:26:42.907 [main] DEBUG nextflow.Session - Observer factory: DefaultObserverFactory
Dec-22 10:26:42.977 [main] DEBUG nextflow.cache.CacheFactory - Using Nextflow cache factory: nextflow.cache.DefaultCacheFactory
Dec-22 10:26:42.997 [main] DEBUG nextflow.util.CustomThreadPool - Creating default thread pool > poolSize: 2; maxThreads: 1000
Dec-22 10:26:43.108 [main] DEBUG nextflow.Session - Session start
Dec-22 10:26:43.111 [main] DEBUG nextflow.trace.TraceFileObserver - Workflow started -- trace file: /cluster/home/ayocca/03_RGE/12_reads2pav/readstopav/tmp_out/pipeline_info/execution_trace_2023-12-22_10-26-42.txt
Dec-22 10:26:43.284 [main] DEBUG nextflow.script.ScriptRunner - > Launching execution
Dec-22 10:26:46.059 [main] DEBUG nextflow.script.IncludeDef - Loading included plugin extensions with names: [paramsHelp:paramsHelp, paramsSummaryLog:paramsSummaryLog, paramsSummaryMap:paramsSummaryMap, validateParameters:validateParameters]; plugin Id: nf-validation
Dec-22 10:26:46.393 [main] DEBUG nextflow.Nextflow - Using schema file: nextflow_schema.json
Dec-22 10:26:46.407 [main] WARN  nextflow.script.ScriptBinding - Access to undefined parameter `monochromeLogs` -- Initialise it to a default value eg. `params.monochromeLogs = some_value`
Dec-22 10:26:46.424 [main] INFO  nextflow.Nextflow - 

-[2m----------------------------------------------------[0m-
                                        [0;32m,--.[0;30m/[0;32m,-.[0m
[0;34m        ___     __   __   __   ___     [0;32m/,-._.--~'[0m
[0;34m  |\ | |__  __ /  ` /  \ |__) |__         [0;33m}  {[0m
[0;34m  | \| |       \__, \__/ |  \ |___     [0;32m\`-._,-`-,[0m
                                        [0;32m`._,._,'[0m
[0;35m  nf-core/fetchngs v1.11.0[0m
-[2m----------------------------------------------------[0m-
[1mCore Nextflow options[0m
  [0;34mrunName    : [0;32mconfident_celsius[0m
  [0;34mlaunchDir  : [0;32m/cluster/home/ayocca/03_RGE/12_reads2pav/readstopav[0m
  [0;34mworkDir    : [0;32m/cluster/home/ayocca/03_RGE/12_reads2pav/readstopav/work[0m
  [0;34mprojectDir : [0;32m/cluster/home/ayocca/03_RGE/12_reads2pav/readstopav[0m
  [0;34muserName   : [0;32mayocca[0m
  [0;34mprofile    : [0;32mstandard[0m
  [0;34mconfigFiles: [0;32m[0m

[1mInput/output options[0m
  [0;34minput      : [0;32msra_list.csv[0m
  [0;34moutdir     : [0;32mtmp_out[0m

[1mMax job request options[0m
  [0;34mmax_cpus   : [0;32m4[0m
  [0;34mmax_memory : [0;32m10.GB[0m
  [0;34mmax_time   : [0;32m24.h[0m

!! Only displaying parameters that differ from the pipeline defaults !!
-[2m----------------------------------------------------[0m-
If you use nf-core/fetchngs for your analysis please cite:

* The pipeline
  https://doi.org/10.5281/zenodo.5070524

* The nf-core framework
  https://doi.org/10.1038/s41587-020-0439-x

* Software dependencies
  https://github.com/nf-core/fetchngs/blob/master/CITATIONS.md
-[2m----------------------------------------------------[0m-
Dec-22 10:26:46.426 [main] DEBUG nextflow.validation.SchemaValidator - Starting parameters validation
Dec-22 10:26:46.587 [main] DEBUG nextflow.validation.SchemaValidator - Starting validation: 'input': '/cluster/home/ayocca/03_RGE/12_reads2pav/readstopav/sra_list.csv' with 'assets/schema_input.json'
Dec-22 10:26:46.649 [main] DEBUG nextflow.validation.SchemaValidator - Validation passed: 'input': '/cluster/home/ayocca/03_RGE/12_reads2pav/readstopav/sra_list.csv' with 'assets/schema_input.json'
Dec-22 10:26:46.649 [main] DEBUG nextflow.validation.SchemaValidator - Finishing parameters validation
Dec-22 10:26:46.653 [main] WARN  nextflow.Nextflow - [nf-core/fetchngs] You are attempting to run the pipeline without any custom configuration!

This will be dependent on your local compute environment but can be achieved via one or more of the following:
   (1) Using an existing pipeline profile e.g. `-profile docker` or `-profile singularity`
   (2) Using an existing nf-core/configs for your Institution e.g. `-profile crick` or `-profile uppmax`
   (3) Using your own local custom config e.g. `-c /path/to/your/custom.config`

Please refer to the quick start section and usage docs for the pipeline.
 
Dec-22 10:26:46.847 [main] DEBUG nextflow.script.ProcessConfig - Config settings `withLabel:error_retry` matches labels `error_retry` for process with name FETCHNGS:NFCORE_FETCHNGS:SRA:SRA_IDS_TO_RUNINFO
Dec-22 10:26:46.848 [main] DEBUG nextflow.script.ProcessConfig - Config settings `withName:SRA_IDS_TO_RUNINFO` matches process FETCHNGS:NFCORE_FETCHNGS:SRA:SRA_IDS_TO_RUNINFO
Dec-22 10:26:46.853 [main] DEBUG nextflow.executor.ExecutorFactory - << taskConfig executor: null
Dec-22 10:26:46.865 [main] DEBUG nextflow.executor.ExecutorFactory - >> processorType: 'local'
Dec-22 10:26:46.869 [main] DEBUG nextflow.executor.Executor - [warm up] executor > local
Dec-22 10:26:46.875 [main] DEBUG n.processor.LocalPollingMonitor - Creating local task monitor for executor 'local' > cpus=1; memory=1007.3 GB; capacity=1; pollInterval=100ms; dumpInterval=5m
Dec-22 10:26:46.878 [main] DEBUG n.processor.TaskPollingMonitor - >>> barrier register (monitor: local)
Dec-22 10:26:47.004 [main] DEBUG nextflow.script.ProcessConfig - Config settings `withName:SRA_RUNINFO_TO_FTP` matches process FETCHNGS:NFCORE_FETCHNGS:SRA:SRA_RUNINFO_TO_FTP
Dec-22 10:26:47.017 [main] DEBUG nextflow.executor.ExecutorFactory - << taskConfig executor: null
Dec-22 10:26:47.019 [main] DEBUG nextflow.executor.ExecutorFactory - >> processorType: 'local'
Dec-22 10:26:47.076 [main] DEBUG nextflow.script.ProcessConfig - Config settings `withLabel:process_low` matches labels `process_low,error_retry` for process with name FETCHNGS:NFCORE_FETCHNGS:SRA:SRA_FASTQ_FTP
Dec-22 10:26:47.077 [main] DEBUG nextflow.script.ProcessConfig - Config settings `withLabel:error_retry` matches labels `process_low,error_retry` for process with name FETCHNGS:NFCORE_FETCHNGS:SRA:SRA_FASTQ_FTP
Dec-22 10:26:47.078 [main] DEBUG nextflow.script.ProcessConfig - Config settings `withName:SRA_FASTQ_FTP` matches process FETCHNGS:NFCORE_FETCHNGS:SRA:SRA_FASTQ_FTP
Dec-22 10:26:47.080 [main] DEBUG nextflow.executor.ExecutorFactory - << taskConfig executor: null
Dec-22 10:26:47.080 [main] DEBUG nextflow.executor.ExecutorFactory - >> processorType: 'local'
Dec-22 10:26:47.090 [main] DEBUG nextflow.script.ProcessConfig - Config settings `withLabel:process_low` matches labels `process_low` for process with name FETCHNGS:NFCORE_FETCHNGS:SRA:FASTQ_DOWNLOAD_PREFETCH_FASTERQDUMP_SRATOOLS:CUSTOM_SRATOOLSNCBISETTINGS
Dec-22 10:26:47.098 [main] DEBUG nextflow.executor.ExecutorFactory - << taskConfig executor: null
Dec-22 10:26:47.098 [main] DEBUG nextflow.executor.ExecutorFactory - >> processorType: 'local'
Dec-22 10:26:47.107 [main] DEBUG nextflow.script.ProcessConfig - Config settings `withLabel:process_low` matches labels `process_low` for process with name FETCHNGS:NFCORE_FETCHNGS:SRA:FASTQ_DOWNLOAD_PREFETCH_FASTERQDUMP_SRATOOLS:SRATOOLS_PREFETCH
Dec-22 10:26:47.120 [main] DEBUG nextflow.script.ProcessConfig - Config settings `withName:SRATOOLS_PREFETCH` matches process FETCHNGS:NFCORE_FETCHNGS:SRA:FASTQ_DOWNLOAD_PREFETCH_FASTERQDUMP_SRATOOLS:SRATOOLS_PREFETCH
Dec-22 10:26:47.121 [main] DEBUG nextflow.executor.ExecutorFactory - << taskConfig executor: null
Dec-22 10:26:47.122 [main] DEBUG nextflow.executor.ExecutorFactory - >> processorType: 'local'
Dec-22 10:26:47.129 [main] DEBUG nextflow.script.ProcessConfig - Config settings `withLabel:process_medium` matches labels `process_medium` for process with name FETCHNGS:NFCORE_FETCHNGS:SRA:FASTQ_DOWNLOAD_PREFETCH_FASTERQDUMP_SRATOOLS:SRATOOLS_FASTERQDUMP
Dec-22 10:26:47.130 [main] DEBUG nextflow.script.ProcessConfig - Config settings `withName:SRATOOLS_FASTERQDUMP` matches process FETCHNGS:NFCORE_FETCHNGS:SRA:FASTQ_DOWNLOAD_PREFETCH_FASTERQDUMP_SRATOOLS:SRATOOLS_FASTERQDUMP
Dec-22 10:26:47.131 [main] DEBUG nextflow.executor.ExecutorFactory - << taskConfig executor: null
Dec-22 10:26:47.132 [main] DEBUG nextflow.executor.ExecutorFactory - >> processorType: 'local'
Dec-22 10:26:47.147 [main] DEBUG nextflow.script.ProcessConfig - Config settings `withName:SRA_TO_SAMPLESHEET` matches process FETCHNGS:NFCORE_FETCHNGS:SRA:SRA_TO_SAMPLESHEET
Dec-22 10:26:47.160 [main] DEBUG nextflow.executor.ExecutorFactory - << taskConfig executor: local
Dec-22 10:26:47.160 [main] DEBUG nextflow.executor.ExecutorFactory - >> processorType: 'local'
Dec-22 10:26:47.171 [main] DEBUG nextflow.script.ProcessConfig - Config settings `withName:SRA_MERGE_SAMPLESHEET` matches process FETCHNGS:NFCORE_FETCHNGS:SRA:SRA_MERGE_SAMPLESHEET
Dec-22 10:26:47.172 [main] DEBUG nextflow.executor.ExecutorFactory - << taskConfig executor: null
Dec-22 10:26:47.172 [main] DEBUG nextflow.executor.ExecutorFactory - >> processorType: 'local'
Dec-22 10:26:47.197 [main] DEBUG nextflow.script.ProcessConfig - Config settings `withName:MULTIQC_MAPPINGS_CONFIG` matches process FETCHNGS:NFCORE_FETCHNGS:SRA:MULTIQC_MAPPINGS_CONFIG
Dec-22 10:26:47.202 [main] DEBUG nextflow.executor.ExecutorFactory - << taskConfig executor: null
Dec-22 10:26:47.203 [main] DEBUG nextflow.executor.ExecutorFactory - >> processorType: 'local'
Dec-22 10:26:47.234 [main] DEBUG nextflow.script.ScriptRunner - Parsed script files:
  Script_5b1d54e6de699c4b: /cluster/home/ayocca/03_RGE/12_reads2pav/readstopav/./subworkflows/nf-core/fetchngs/main.nf
  Script_90e12e5e619ed13c: /cluster/home/ayocca/03_RGE/12_reads2pav/readstopav/./subworkflows/nf-core/fetchngs/../../../workflows/sra/main.nf
  Script_23a8e28974e45be5: /cluster/home/ayocca/03_RGE/12_reads2pav/readstopav/./subworkflows/nf-core/fetchngs/../../../subworkflows/local/nf_core_fetchngs_utils/../../nf-core/nfcore_pipeline_utils/main.nf
  Script_acdf5c75414b64a7: /cluster/home/ayocca/03_RGE/12_reads2pav/readstopav/./subworkflows/nf-core/fetchngs/../../../workflows/sra/../../modules/local/multiqc_mappings_config/main.nf
  Script_135da6eae79d8da7: /cluster/home/ayocca/03_RGE/12_reads2pav/readstopav/./subworkflows/nf-core/fetchngs/../../../workflows/sra/../../subworkflows/nf-core/fastq_download_prefetch_fasterqdump_sratools/../../../modules/nf-core/sratools/prefetch/main.nf
  Script_7a7cf26370f047c5: /cluster/home/ayocca/03_RGE/12_reads2pav/readstopav/./subworkflows/nf-core/fetchngs/../../../subworkflows/local/nf_core_fetchngs_utils/main.nf
  Script_4d74e68032fdab1d: /cluster/home/ayocca/03_RGE/12_reads2pav/readstopav/./subworkflows/nf-core/fetchngs/../../../workflows/sra/../../modules/local/sra_merge_samplesheet/main.nf
  Script_98c167865477f3d5: /cluster/home/ayocca/03_RGE/12_reads2pav/readstopav/./subworkflows/nf-core/fetchngs/../../../subworkflows/local/nf_core_fetchngs_utils/../../nf-core/nfvalidation_plugin_utils/main.nf
  Script_ed0ec3068ff15ce9: /cluster/home/ayocca/03_RGE/12_reads2pav/readstopav/./subworkflows/nf-core/fetchngs/../../../workflows/sra/../../subworkflows/nf-core/fastq_download_prefetch_fasterqdump_sratools/../../../modules/nf-core/sratools/fasterqdump/main.nf
  Script_9053ce6a78a54d3e: /cluster/home/ayocca/03_RGE/12_reads2pav/readstopav/./subworkflows/nf-core/fetchngs/../../../subworkflows/local/nf_core_fetchngs_utils/../../nf-core/nextflowpipelineutils/main.nf
  Script_b5d28dc53c9ba9cf: /cluster/home/ayocca/03_RGE/12_reads2pav/readstopav/./subworkflows/nf-core/fetchngs/../../../workflows/sra/../../subworkflows/nf-core/fastq_download_prefetch_fasterqdump_sratools/../../../modules/nf-core/custom/sratoolsncbisettings/main.nf
  Script_8e47246e1eaac81c: /cluster/home/ayocca/03_RGE/12_reads2pav/readstopav/./subworkflows/nf-core/fetchngs/../../../workflows/sra/../../modules/local/sra_to_samplesheet/main.nf
  Script_7fead60763b2b030: /cluster/home/ayocca/03_RGE/12_reads2pav/readstopav/./subworkflows/nf-core/fetchngs/../../../workflows/sra/../../modules/local/sra_ids_to_runinfo/main.nf
  Script_3dd57d452669545a: /cluster/home/ayocca/03_RGE/12_reads2pav/readstopav/./subworkflows/nf-core/fetchngs/../../../workflows/sra/../../subworkflows/nf-core/fastq_download_prefetch_fasterqdump_sratools/main.nf
  Script_6a015540c3896a72: /cluster/home/ayocca/03_RGE/12_reads2pav/readstopav/./subworkflows/nf-core/fetchngs/../../../workflows/sra/../../modules/local/sra_fastq_ftp/main.nf
  Script_a9ea706fbcc7c682: /cluster/home/ayocca/03_RGE/12_reads2pav/readstopav/./subworkflows/nf-core/fetchngs/../../../workflows/sra/../../modules/local/sra_runinfo_to_ftp/main.nf
  Script_bf848bb8ede32a4c: /cluster/home/ayocca/03_RGE/12_reads2pav/readstopav/main.nf
Dec-22 10:26:47.239 [main] DEBUG nextflow.Session - Session aborted -- Cause: Cannot emit a multi-channel output: meta
Dec-22 10:26:47.277 [main] DEBUG nextflow.Session - The following nodes are still active:
  [operator] splitCsv
  [operator] map
  [operator] unique
  [operator] mix
  [operator] mix
  [operator] splitCsv
  [operator] map
  [operator] unique
  [operator] map
  [operator] branch
  [operator] mix
  [operator] map
  [operator] mix
  [operator] mix
  [operator] mix
  [operator] mix
  [operator] mix
  [operator] map
  [operator] collect
  [operator] collect
  [operator] mix
  [operator] mix
  [operator] unique
  [operator] mix
  [operator] collectFile

Dec-22 10:26:47.279 [Task monitor] DEBUG n.processor.TaskPollingMonitor - <<< barrier arrives (monitor: local) - terminating tasks monitor poll loop
Dec-22 10:26:47.289 [Actor Thread 6] DEBUG nextflow.file.SortFileCollector - FileCollector temp dir not removed: null
Dec-22 10:26:47.290 [main] ERROR nextflow.cli.Launcher - Cannot emit a multi-channel output: meta
java.lang.IllegalArgumentException: Cannot emit a multi-channel output: meta
	at nextflow.script.WorkflowDef.collectOutputs(WorkflowDef.groovy:158)
	at nextflow.script.WorkflowDef.run0(WorkflowDef.groovy:206)
	at nextflow.script.WorkflowDef.run(WorkflowDef.groovy:188)
	at nextflow.script.BindableDef.invoke_a(BindableDef.groovy:51)
	at nextflow.script.ComponentDef.invoke_o(ComponentDef.groovy:40)
	at nextflow.script.WorkflowBinding.invokeMethod(WorkflowBinding.groovy:102)
	at org.codehaus.groovy.runtime.metaclass.ClosureMetaClass.invokeOnDelegationObjects(ClosureMetaClass.java:408)
	at org.codehaus.groovy.runtime.metaclass.ClosureMetaClass.invokeMethod(ClosureMetaClass.java:350)
	at org.codehaus.groovy.runtime.callsite.PogoMetaClassSite.callCurrent(PogoMetaClassSite.java:61)
	at org.codehaus.groovy.runtime.callsite.CallSiteArray.defaultCallCurrent(CallSiteArray.java:51)
	at org.codehaus.groovy.runtime.callsite.AbstractCallSite.callCurrent(AbstractCallSite.java:171)
	at org.codehaus.groovy.runtime.callsite.AbstractCallSite.callCurrent(AbstractCallSite.java:176)
	at Script_bf848bb8ede32a4c$_runScript_closure1$_closure2.doCall(Script_bf848bb8ede32a4c:34)
	at java.base/jdk.internal.reflect.NativeMethodAccessorImpl.invoke0(Native Method)
	at java.base/jdk.internal.reflect.NativeMethodAccessorImpl.invoke(NativeMethodAccessorImpl.java:62)
	at java.base/jdk.internal.reflect.DelegatingMethodAccessorImpl.invoke(DelegatingMethodAccessorImpl.java:43)
	at java.base/java.lang.reflect.Method.invoke(Method.java:566)
	at org.codehaus.groovy.reflection.CachedMethod.invoke(CachedMethod.java:107)
	at groovy.lang.MetaMethod.doMethodInvoke(MetaMethod.java:323)
	at org.codehaus.groovy.runtime.metaclass.ClosureMetaClass.invokeMethod(ClosureMetaClass.java:274)
	at groovy.lang.MetaClassImpl.invokeMethod(MetaClassImpl.java:1030)
	at groovy.lang.Closure.call(Closure.java:427)
	at groovy.lang.Closure.call(Closure.java:406)
	at nextflow.script.WorkflowDef.run0(WorkflowDef.groovy:204)
	at nextflow.script.WorkflowDef.run(WorkflowDef.groovy:188)
	at nextflow.script.BindableDef.invoke_a(BindableDef.groovy:51)
	at nextflow.script.ChainableDef$invoke_a.call(Unknown Source)
	at org.codehaus.groovy.runtime.callsite.CallSiteArray.defaultCall(CallSiteArray.java:47)
	at org.codehaus.groovy.runtime.callsite.AbstractCallSite.call(AbstractCallSite.java:125)
	at org.codehaus.groovy.runtime.callsite.AbstractCallSite.call(AbstractCallSite.java:139)
	at nextflow.script.BaseScript.run0(BaseScript.groovy:183)
	at nextflow.script.BaseScript.run(BaseScript.groovy:192)
	at nextflow.script.ScriptParser.runScript(ScriptParser.groovy:236)
	at nextflow.script.ScriptRunner.run(ScriptRunner.groovy:242)
	at nextflow.script.ScriptRunner.execute(ScriptRunner.groovy:137)
	at nextflow.cli.CmdRun.run(CmdRun.groovy:372)
	at nextflow.cli.Launcher.run(Launcher.groovy:499)
	at nextflow.cli.Launcher.main(Launcher.groovy:670)
