INFO:    Converting SIF file to temporary sandbox...
Looking to launch executable "/usr/local/bin/bwa-mem2.avx512bw", simd = .avx512bw
Launching executable "/usr/local/bin/bwa-mem2.avx512bw"
-----------------------------
Executing in AVX512 mode!!
-----------------------------
* SA compression enabled with xfactor: 8
* Ref file: ./bwamem2/Athal_chr1.fasta
* Entering FMI_search
* Index file found. Loading index from ./bwamem2/Athal_chr1.fasta.bwt.2bit.64
* Reference seq len for bi-index = 60855343
* sentinel-index: 24384153
* Count:
0,	1
1,	19488855
2,	30427672
3,	41366489
4,	60855343

* Reading other elements of the index from files ./bwamem2/Athal_chr1.fasta
* Index prefix: ./bwamem2/Athal_chr1.fasta
* Read 0 ALT contigs
* Done reading Index!!
* Reading reference genome..
* Binary seq file = ./bwamem2/Athal_chr1.fasta.0123
* Reference genome size: 60855342 bp
* Done reading reference genome !!

[E::main_mem] fail to open file `tmp_out//fastq/ERX10632306_ERR11202896_1.fastq.gz'.
[W::hts_set_opt] Cannot change block size for this format
samtools sort: failed to read header from "-"
INFO:    Cleaning up image...
