INFO:    Converting SIF file to temporary sandbox...
WARNING: Skipping mount /cluster/home/ayocca/miniconda3/envs/reads2pav/var/singularity/mnt/session/etc/resolv.conf [files]: /etc/resolv.conf doesn't exist in container
Looking to launch executable "/usr/local/bin/bwa-mem2.avx512bw", simd = .avx512bw
Launching executable "/usr/local/bin/bwa-mem2.avx512bw"
[bwa_index] Pack FASTA... 0.13 sec
* Entering FMI_search
init ticks = 1652986822
ref seq len = 60855342
binary seq ticks = 1259165488
build suffix-array ticks = 14790959000
ref_seq_len = 60855342
count = 0, 19488854, 30427671, 41366488, 60855342
BWT[24384153] = 4
CP_SHIFT = 6, CP_MASK = 63
sizeof CP_OCC = 64
pos: 7606918, ref_seq_len__: 7606917
max_occ_ind = 950864
build fm-index ticks = 4103626306
Total time taken: 8.6435
INFO:    Cleaning up image...
